   1              	 .cpu cortex-m3
   2              	 .eabi_attribute 20,1
   3              	 .eabi_attribute 21,1
   4              	 .eabi_attribute 23,3
   5              	 .eabi_attribute 24,1
   6              	 .eabi_attribute 25,1
   7              	 .eabi_attribute 26,1
   8              	 .eabi_attribute 30,4
   9              	 .eabi_attribute 34,1
  10              	 .eabi_attribute 18,4
  11              	 .file "syscall.c"
  12              	 .text
  13              	.Ltext0:
  14              	 .cfi_sections .debug_frame
  15              	.Letext0:
  16              	 .file 1 "/usr/include/newlib/sys/lock.h"
  17              	 .file 2 "/usr/include/newlib/sys/_types.h"
  18              	 .file 3 "/usr/lib/gcc/arm-none-eabi/6.3.1/include/stddef.h"
  19              	 .file 4 "/usr/include/newlib/sys/reent.h"
  20              	 .file 5 "/usr/include/newlib/stdlib.h"
DEFINED SYMBOLS
                            *ABS*:0000000000000000 syscall.c

NO UNDEFINED SYMBOLS
